\BOOKMARK [0][-]{chapter.1}{\376\377\000A\000r\000c\000h\000i\000t\000e\000c\000t\000u\000r\000e\000s\000\040\000d\000e\000\040\000c\000a\000r\000t\000e\000s\000\040\000a\000u\000t\000o\000-\000o\000r\000g\000a\000n\000i\000s\000a\000t\000r\000i\000c\000e\000s}{}% 1
\BOOKMARK [1][-]{section.0.1}{\376\377\000L\000e\000s\000\040\000c\000a\000r\000t\000e\000s\000\040\000a\000u\000t\000o\000-\000o\000r\000g\000a\000n\000i\000s\000a\000t\000r\000i\000c\000e\000s\000\040\000d\000e\000\040\000K\000o\000h\000o\000n\000e\000n\000\040\000c\000o\000m\000m\000e\000\040\000m\000o\000d\000u\000l\000e\000s\000\040\000d\000'\000u\000n\000e\000\040\000a\000r\000c\000h\000i\000t\000e\000c\000t\000u\000r\000e}{chapter.1}% 2
\BOOKMARK [2][-]{subsection.0.1.1}{\376\377\000D\000e\000s\000c\000r\000i\000p\000t\000i\000o\000n\000\040\000d\000u\000\040\000m\000o\000d\000\350\000l\000e\000\040\000d\000e\000\040\000c\000a\000r\000t\000e\000\040\000a\000u\000t\000o\000-\000o\000r\000g\000a\000n\000i\000s\000a\000t\000r\000i\000c\000e\000\040\000d\000e\000\040\000K\000o\000h\000o\000n\000e\000n}{section.0.1}% 3
\BOOKMARK [2][-]{subsection.0.1.2}{\376\377\000L\000a\000\040\000c\000a\000r\000t\000e\000\040\000d\000e\000\040\000K\000o\000h\000o\000n\000e\000n\000,\000\040\000u\000n\000\040\000a\000l\000g\000o\000r\000i\000t\000h\000m\000e\000\040\000d\000'\000a\000p\000p\000r\000e\000n\000t\000i\000s\000s\000a\000g\000e\000\040\000d\000e\000\040\000r\000e\000p\000r\000\351\000s\000e\000n\000t\000a\000t\000i\000o\000n\000\040\000n\000o\000n\000\040\000s\000u\000p\000e\000r\000v\000i\000s\000\351}{section.0.1}% 4
\BOOKMARK [1][-]{section.0.2}{\376\377\000I\000n\000s\000p\000i\000r\000a\000t\000i\000o\000n\000\040\000b\000i\000o\000l\000o\000g\000i\000q\000u\000e\000\040\000d\000e\000s\000\040\000a\000r\000c\000h\000i\000t\000e\000c\000t\000u\000r\000e\000s\000\040\000d\000e\000\040\000c\000a\000r\000t\000e\000s}{chapter.1}% 5
\BOOKMARK [2][-]{subsection.0.2.1}{\376\377\000I\000n\000s\000p\000i\000r\000a\000t\000i\000o\000n\000\040\000b\000i\000o\000l\000o\000g\000i\000q\000u\000e\000\040\000d\000e\000s\000\040\000c\000a\000r\000t\000e\000s\000\040\000d\000e\000\040\000K\000o\000h\000o\000n\000e\000n}{section.0.2}% 6
\BOOKMARK [2][-]{subsection.0.2.2}{\376\377\000R\000\351\000t\000r\000o\000a\000c\000t\000i\000o\000n\000s\000\040\000d\000a\000n\000s\000\040\000l\000e\000\040\000t\000r\000a\000i\000t\000e\000m\000e\000n\000t\000\040\000d\000e\000\040\000l\000'\000i\000n\000f\000o\000r\000m\000a\000t\000i\000o\000n\000\040\000m\000u\000l\000t\000i\000s\000e\000n\000s\000o\000r\000i\000e\000l\000l\000e\000\040\000d\000u\000\040\000c\000o\000r\000t\000e\000x}{section.0.2}% 7
\BOOKMARK [1][-]{section.0.3}{\376\377\000A\000r\000c\000h\000i\000t\000e\000c\000t\000u\000r\000e\000s\000\040\000d\000e\000\040\000c\000a\000r\000t\000e\000s\000\040\000a\000u\000t\000o\000-\000o\000r\000g\000a\000n\000i\000s\000a\000t\000r\000i\000c\000e\000s}{chapter.1}% 8
\BOOKMARK [2][-]{subsection.0.3.1}{\376\377\000M\000\351\000t\000h\000o\000d\000e\000\040\000d\000'\000a\000n\000a\000l\000y\000s\000e}{section.0.3}% 9
\BOOKMARK [2][-]{subsection.0.3.2}{\376\377\000A\000r\000c\000h\000i\000t\000e\000c\000t\000u\000r\000e\000s\000\040\000h\000i\000\351\000r\000a\000r\000c\000h\000i\000q\000u\000e\000s\000\040\000d\000e\000\040\000c\000a\000r\000t\000e\000s}{section.0.3}% 10
\BOOKMARK [2][-]{subsection.0.3.3}{\376\377\000A\000r\000c\000h\000i\000t\000e\000c\000t\000u\000r\000e\000s\000\040\000n\000o\000n\000\040\000h\000i\000\351\000r\000a\000r\000c\000h\000i\000q\000u\000e\000s\000\040\000d\000e\000\040\000c\000a\000r\000t\000e\000s\000\040\000a\000u\000t\000o\000-\000o\000r\000g\000a\000n\000i\000s\000a\000t\000r\000i\000c\000e\000s}{section.0.3}% 11
\BOOKMARK [2][-]{subsection.0.3.4}{\376\377\000C\000o\000n\000n\000e\000x\000i\000o\000n\000s\000\040\000t\000e\000m\000p\000o\000r\000e\000l\000l\000e\000s\000\040\000e\000t\000\040\000a\000r\000c\000h\000i\000t\000e\000c\000t\000u\000r\000e\000s\000\040\000d\000e\000\040\000c\000a\000r\000t\000e\000s\000\040\000a\000u\000t\000o\000-\000o\000r\000g\000a\000n\000i\000s\000a\000t\000r\000i\000c\000e\000s}{section.0.3}% 12
\BOOKMARK [1][-]{section.0.4}{\376\377\000A\000x\000e\000\040\000d\000e\000\040\000r\000e\000c\000h\000e\000r\000c\000h\000e}{chapter.1}% 13
\BOOKMARK [0][-]{chapter.2}{\376\377\000M\000o\000d\000\350\000l\000e\000\040\000d\000'\000a\000r\000c\000h\000i\000t\000e\000c\000t\000u\000r\000e\000\040\000C\000x\000S\000O\000M}{}% 14
\BOOKMARK [1][-]{section.0.1}{\376\377\000C\000a\000r\000t\000e\000\040\000d\000e\000\040\000K\000o\000h\000o\000n\000e\000n\000\040\000c\000l\000a\000s\000s\000i\000q\000u\000e}{chapter.2}% 15
\BOOKMARK [2][-]{subsection.0.1.1}{\376\377\000A\000l\000g\000o\000r\000i\000t\000h\000m\000e\000\040\000e\000t\000\040\000n\000o\000t\000a\000t\000i\000o\000n\000s}{section.0.1}% 16
\BOOKMARK [2][-]{subsection.0.1.2}{\376\377\000P\000a\000r\000a\000m\000\350\000t\000r\000a\000g\000e\000\040\000d\000'\000u\000n\000e\000\040\000c\000a\000r\000t\000e\000\040\000d\000e\000\040\000K\000o\000h\000o\000n\000e\000n}{section.0.1}% 17
\BOOKMARK [1][-]{section.0.2}{\376\377\000M\000o\000t\000i\000v\000a\000t\000i\000o\000n\000s\000\040\000d\000u\000\040\000m\000o\000d\000\350\000l\000e\000\040\000C\000x\000S\000O\000M}{chapter.2}% 18
\BOOKMARK [2][-]{subsection.0.2.1}{\376\377\000C\000h\000a\000m\000p\000\040\000d\000'\000a\000p\000p\000l\000i\000c\000a\000t\000i\000o\000n\000:\000\040\000m\000\351\000m\000o\000i\000r\000e\000\040\000a\000s\000s\000o\000c\000i\000a\000t\000i\000v\000e}{section.0.2}% 19
\BOOKMARK [2][-]{subsection.0.2.2}{\376\377\000D\000e\000s\000c\000r\000i\000p\000t\000i\000o\000n\000\040\000d\000e\000\040\000l\000'\000a\000r\000c\000h\000i\000t\000e\000c\000t\000u\000r\000e}{section.0.2}% 20
\BOOKMARK [1][-]{section.0.3}{\376\377\000P\000r\000\351\000s\000e\000n\000t\000a\000t\000i\000o\000n\000\040\000d\000e\000\040\000C\000x\000S\000O\000M\000:\000\040\000e\000x\000e\000m\000p\000l\000e\000\040\000d\000'\000u\000n\000e\000\040\000a\000r\000c\000h\000i\000t\000e\000c\000t\000u\000r\000e\000\040\000d\000e\000\040\000d\000e\000u\000x\000\040\000c\000a\000r\000t\000e\000s}{chapter.2}% 21
\BOOKMARK [2][-]{subsection.0.3.1}{\376\377\000D\000\351\000t\000a\000i\000l\000\040\000d\000e\000s\000\040\000\351\000t\000a\000p\000e\000s}{section.0.3}% 22
\BOOKMARK [2][-]{subsection.0.3.2}{\376\377\000R\000\351\000s\000u\000m\000\351}{section.0.3}% 23
\BOOKMARK [1][-]{section.0.4}{\376\377\000F\000o\000r\000m\000a\000l\000i\000s\000a\000t\000i\000o\000n\000:\000\040\000c\000a\000s\000\040\000p\000o\000u\000r\000\040\000n\000\040\000c\000a\000r\000t\000e\000s}{chapter.2}% 24
\BOOKMARK [2][-]{subsection.0.4.1}{\376\377\000E\000n\000t\000r\000\351\000e\000s\000\040\000e\000t\000\040\000c\000a\000l\000c\000u\000l\000\040\000d\000'\000a\000c\000t\000i\000v\000i\000t\000\351}{section.0.4}% 25
\BOOKMARK [2][-]{subsection.0.4.2}{\376\377\000C\000a\000l\000c\000u\000l\000\040\000d\000u\000\040\000B\000M\000U\000\040\000p\000a\000r\000\040\000r\000e\000l\000a\000x\000a\000t\000i\000o\000n}{section.0.4}% 26
\BOOKMARK [2][-]{subsection.0.4.3}{\376\377\000M\000i\000s\000e\000\040\000\340\000\040\000j\000o\000u\000r\000\040\000d\000e\000s\000\040\000p\000o\000i\000d\000s}{section.0.4}% 27
\BOOKMARK [1][-]{section.0.5}{\376\377\000C\000h\000o\000i\000x\000\040\000d\000e\000s\000\040\000p\000a\000r\000a\000m\000\350\000t\000r\000e\000s}{chapter.2}% 28
\BOOKMARK [2][-]{subsection.0.5.1}{\376\377\000P\000a\000r\000a\000m\000\350\000t\000r\000a\000g\000e\000\040\000d\000'\000u\000n\000e\000\040\000c\000a\000r\000t\000e}{section.0.5}% 29
\BOOKMARK [2][-]{subsection.0.5.2}{\376\377\000P\000a\000r\000a\000m\000\350\000t\000r\000e\000s\000\040\000d\000e\000\040\000l\000'\000a\000r\000c\000h\000i\000t\000e\000c\000t\000u\000r\000e}{section.0.5}% 30
\BOOKMARK [1][-]{section.0.6}{\376\377\000C\000o\000n\000c\000l\000u\000s\000i\000o\000n}{chapter.2}% 31
\BOOKMARK [0][-]{chapter.3}{\376\377\000M\000\351\000t\000h\000o\000d\000e\000s\000\040\000d\000e\000\040\000r\000e\000p\000r\000\351\000s\000e\000n\000t\000a\000t\000i\000o\000n\000\040\000e\000t\000\040\000d\000'\000a\000n\000a\000l\000y\000s\000e\000\040\000d\000e\000\040\000l\000'\000a\000r\000c\000h\000i\000t\000e\000c\000t\000u\000r\000e\000\040\000C\000x\000S\000O\000M}{}% 32
\BOOKMARK [1][-]{section.0.1}{\376\377\000I\000n\000t\000r\000o\000d\000u\000c\000t\000i\000o\000n}{chapter.3}% 33
\BOOKMARK [2][-]{subsection.0.1.1}{\376\377\000P\000r\000\351\000s\000e\000n\000t\000a\000t\000i\000o\000n\000\040\000d\000'\000u\000n\000e\000\040\000e\000x\000p\000\351\000r\000i\000e\000n\000c\000e\000\040\000m\000u\000l\000t\000i\000m\000o\000d\000a\000l\000e\000\040\000m\000i\000n\000i\000m\000a\000l\000e\000\040\000i\000l\000l\000u\000s\000t\000r\000a\000n\000t\000\040\000l\000e\000s\000\040\000r\000e\000p\000r\000\351\000s\000e\000n\000t\000a\000t\000i\000o\000n\000s}{section.0.1}% 34
\BOOKMARK [2][-]{subsection.0.1.2}{\376\377\000R\000e\000p\000r\000\351\000s\000e\000n\000t\000a\000t\000i\000o\000n\000s\000\040\000e\000t\000\040\000i\000n\000d\000i\000c\000a\000t\000e\000u\000r\000s\000\040\000c\000l\000a\000s\000s\000i\000q\000u\000e\000s\000\040\000d\000e\000s\000\040\000c\000a\000r\000t\000e\000s\000\040\000d\000e\000\040\000K\000o\000h\000o\000n\000e\000n}{section.0.1}% 35
\BOOKMARK [2][-]{subsection.0.1.3}{\376\377\000L\000i\000m\000i\000t\000e\000s\000\040\000d\000e\000s\000\040\000r\000e\000p\000r\000\351\000s\000e\000n\000t\000a\000t\000i\000o\000n\000s\000\040\000c\000l\000a\000s\000s\000i\000q\000u\000e\000s\000\040\000d\000a\000n\000s\000\040\000l\000e\000\040\000c\000a\000s\000\040\000d\000'\000u\000n\000e\000\040\000a\000r\000c\000h\000i\000t\000e\000c\000t\000u\000r\000e\000\040\000C\000x\000S\000O\000M}{section.0.1}% 36
\BOOKMARK [1][-]{section.0.2}{\376\377\000F\000o\000r\000m\000a\000l\000i\000s\000a\000t\000i\000o\000n\000\040\000s\000t\000a\000t\000i\000s\000t\000i\000q\000u\000e\000\040\000d\000e\000s\000\040\000e\000n\000t\000r\000\351\000e\000s\000\040\000e\000t\000\040\000s\000o\000r\000t\000i\000e\000s\000\040\000d\000e\000s\000\040\000c\000a\000r\000t\000e\000s}{chapter.3}% 37
\BOOKMARK [2][-]{subsection.0.2.1}{\376\377\000F\000o\000r\000m\000a\000l\000i\000s\000a\000t\000i\000o\000n\000\040\000d\000e\000s\000\040\000e\000n\000t\000r\000\351\000e\000s}{section.0.2}% 38
\BOOKMARK [2][-]{subsection.0.2.2}{\376\377\000F\000o\000r\000m\000a\000l\000i\000s\000a\000t\000i\000o\000n\000\040\000d\000u\000\040\000m\000o\000d\000\350\000l\000e\000\040\000d\000'\000e\000n\000t\000r\000\351\000e\000\040\000p\000a\000r\000\040\000u\000n\000e\000\040\000v\000a\000r\000i\000a\000b\000l\000e\000\040\000c\000a\000c\000h\000\351\000e}{section.0.2}% 39
\BOOKMARK [2][-]{subsection.0.2.3}{\376\377\000D\000\351\000m\000a\000r\000c\000h\000e\000\040\000e\000x\000p\000\351\000r\000i\000m\000e\000n\000t\000a\000l\000e}{section.0.2}% 40
\BOOKMARK [1][-]{section.0.3}{\376\377\000R\000e\000p\000r\000\351\000s\000e\000n\000t\000a\000t\000i\000o\000n\000s\000\040\000g\000r\000a\000p\000h\000i\000q\000u\000e\000s}{chapter.3}% 41
\BOOKMARK [2][-]{subsection.0.3.1}{\376\377\000E\000r\000r\000e\000u\000r\000\040\000d\000e\000\040\000q\000u\000a\000n\000t\000i\000f\000i\000c\000a\000t\000i\000o\000n\000\040\000d\000'\000u\000n\000e\000\040\000m\000o\000d\000a\000l\000i\000t\000\351\000\040\000d\000a\000n\000s\000\040\000c\000h\000a\000q\000u\000e\000\040\000c\000a\000r\000t\000e}{section.0.3}% 42
\BOOKMARK [2][-]{subsection.0.3.2}{\376\377\000R\000e\000p\000r\000\351\000s\000e\000n\000t\000a\000t\000i\000o\000n\000\040\000c\000a\000r\000t\000o\000g\000r\000a\000p\000h\000i\000q\000u\000e\000\040\000d\000e\000s\000\040\000v\000a\000l\000e\000u\000r\000s\000\040\000d\000'\000e\000n\000t\000r\000\351\000e\000s\000\040\000p\000r\000\351\000f\000\351\000r\000e\000n\000t\000i\000e\000l\000l\000e\000s\000\040\000d\000e\000s\000\040\000B\000M\000U\000s}{section.0.3}% 43
\BOOKMARK [2][-]{subsection.0.3.3}{\376\377\000R\000e\000p\000r\000\351\000s\000e\000n\000t\000a\000t\000i\000o\000n\000\040\000d\000e\000\040\000l\000a\000\040\000v\000a\000r\000i\000a\000b\000l\000e\000\040\000c\000a\000c\000h\000\351\000e\000\040\000s\000e\000l\000o\000n\000\040\000l\000e\000s\000\040\000p\000o\000s\000i\000t\000i\000o\000n\000s\000\040\000d\000e\000s\000\040\000B\000M\000U\000s}{section.0.3}% 44
\BOOKMARK [2][-]{subsection.0.3.4}{\376\377\000D\000\351\000p\000l\000i\000e\000m\000e\000n\000t\000\040\000d\000'\000u\000n\000e\000\040\000c\000a\000r\000t\000e\000\040\000d\000a\000n\000s\000\040\000l\000'\000e\000s\000p\000a\000c\000e\000\040\000d\000'\000e\000n\000t\000r\000\351\000e\000\040\000m\000u\000l\000t\000i\000m\000o\000d\000a\000l}{section.0.3}% 45
\BOOKMARK [1][-]{section.0.4}{\376\377\000C\000o\000n\000c\000l\000u\000s\000i\000o\000n}{chapter.3}% 46
\BOOKMARK [0][-]{chapter.4}{\376\377\000C\000o\000n\000v\000e\000r\000g\000e\000n\000c\000e\000\040\000d\000e\000\040\000l\000a\000\040\000r\000e\000l\000a\000x\000a\000t\000i\000o\000n}{}% 47
\BOOKMARK [1][-]{section.0.1}{\376\377\000D\000u\000\040\000c\000a\000l\000c\000u\000l\000\040\000c\000e\000l\000l\000u\000l\000a\000i\000r\000e\000\040\000a\000u\000\040\000c\000a\000l\000c\000u\000l\000\040\000\340\000\040\000l\000'\000\351\000c\000h\000e\000l\000l\000e\000\040\000d\000'\000u\000n\000e\000\040\000c\000a\000r\000t\000e}{chapter.4}% 48
\BOOKMARK [1][-]{section.0.2}{\376\377\000F\000o\000r\000m\000a\000l\000i\000s\000a\000t\000i\000o\000n\000\040\000d\000e\000\040\000l\000'\000a\000l\000g\000o\000r\000i\000t\000h\000m\000e\000\040\000d\000e\000\040\000r\000e\000l\000a\000x\000a\000t\000i\000o\000n}{chapter.4}% 49
\BOOKMARK [2][-]{subsection.0.2.1}{\376\377\000R\000a\000p\000p\000e\000l\000\040\000d\000u\000\040\000f\000o\000r\000m\000a\000l\000i\000s\000m\000e}{section.0.2}% 50
\BOOKMARK [2][-]{subsection.0.2.2}{\376\377\000Q\000u\000e\000l\000l\000e\000s\000\040\000p\000r\000o\000p\000r\000i\000\351\000t\000\351\000s\000\040\000a\000t\000t\000e\000n\000d\000-\000o\000n\000\040\000d\000'\000u\000n\000e\000\040\000B\000e\000s\000t\000\040\000M\000a\000t\000c\000h\000i\000n\000g\000\040\000U\000n\000i\000t\000\040\000?}{section.0.2}% 51
\BOOKMARK [1][-]{section.0.3}{\376\377\000E\000t\000u\000d\000e\000\040\000e\000x\000p\000\351\000r\000i\000m\000e\000n\000t\000a\000l\000e\000\040\000d\000e\000\040\000l\000a\000\040\000c\000o\000n\000v\000e\000r\000g\000e\000n\000c\000e\000\040\000d\000e\000\040\000l\000a\000\040\000r\000e\000l\000a\000x\000a\000t\000i\000o\000n}{chapter.4}% 52
\BOOKMARK [1][-]{section.0.4}{\376\377\000A\000n\000a\000l\000y\000s\000e\000\040\000p\000a\000r\000a\000m\000\351\000t\000r\000i\000q\000u\000e\000\040\000d\000e\000\040\000l\000a\000\040\000r\000e\000l\000a\000x\000a\000t\000i\000o\000n}{chapter.4}% 53
\BOOKMARK [2][-]{subsection.0.4.1}{\376\377\000I\000n\000f\000l\000u\000e\000n\000c\000e\000\040\000d\000e\000\040\000l\000'\000i\000n\000i\000t\000i\000a\000l\000i\000s\000a\000t\000i\000o\000n\000\040}{section.0.4}% 54
\BOOKMARK [2][-]{subsection.0.4.2}{\376\377\000I\000n\000f\000l\000u\000e\000n\000c\000e\000\040\000d\000u\000\040\000p\000a\000s\000\040\000d\000e\000\040\000r\000e\000l\000a\000x\000a\000t\000i\000o\000n}{section.0.4}% 55
\BOOKMARK [1][-]{section.0.5}{\376\377\000D\000i\000s\000c\000u\000s\000s\000i\000o\000n}{chapter.4}% 56
\BOOKMARK [1][-]{section.0.6}{\376\377\000E\000t\000u\000d\000e\000\040\000d\000e\000\040\000l\000'\000i\000n\000f\000l\000u\000e\000n\000c\000e\000\040\000d\000e\000\040\000l\000'\000e\000n\000t\000r\000\351\000e\000\040\000c\000o\000n\000t\000e\000x\000t\000u\000e\000l\000l\000e\000\040\000s\000u\000r\000\040\000l\000e\000\040\000B\000M\000U}{chapter.4}% 57
\BOOKMARK [2][-]{subsection.0.6.1}{\376\377\000C\000o\000n\000c\000l\000u\000s\000i\000o\000n}{section.0.6}% 58
\BOOKMARK [0][-]{chapter.5}{\376\377\000A\000n\000a\000l\000y\000s\000e\000\040\000d\000e\000\040\000l\000'\000a\000u\000t\000o\000-\000o\000r\000g\000a\000n\000i\000s\000a\000t\000i\000o\000n\000\040\000d\000e\000\040\000C\000x\000S\000O\000M\000\040\000s\000u\000r\000\040\000d\000e\000s\000\040\000c\000a\000r\000t\000e\000s\000\040\000e\000n\000\040\000u\000n\000e\000\040\000d\000i\000m\000e\000n\000s\000i\000o\000n}{}% 59
\BOOKMARK [1][-]{section.0.1}{\376\377\000M\000\351\000t\000h\000o\000d\000e\000\040\000e\000x\000p\000\351\000r\000i\000m\000e\000n\000t\000a\000l\000e}{chapter.5}% 60
\BOOKMARK [2][-]{subsection.0.1.1}{\376\377\000M\000o\000d\000\350\000l\000e\000\040\000d\000'\000e\000n\000t\000r\000\351\000e\000s\000\040\000g\000\351\000o\000m\000\351\000t\000r\000i\000q\000u\000e\000s}{section.0.1}% 61
\BOOKMARK [2][-]{subsection.0.1.2}{\376\377\000M\000a\000t\000\351\000r\000i\000e\000l}{section.0.1}% 62
\BOOKMARK [2][-]{subsection.0.1.3}{\376\377\000P\000a\000r\000a\000m\000\350\000t\000r\000e\000s\000\040\000d\000e\000s\000\040\000a\000r\000c\000h\000i\000t\000e\000c\000t\000u\000r\000e\000s}{section.0.1}% 63
\BOOKMARK [1][-]{section.0.2}{\376\377\000M\000\351\000c\000a\000n\000i\000s\000m\000e\000s\000\040\000d\000'\000a\000u\000t\000o\000-\000o\000r\000g\000a\000n\000i\000s\000a\000t\000i\000o\000n\000\040\000j\000o\000i\000n\000t\000e\000\040\000s\000u\000r\000\040\000u\000n\000e\000\040\000a\000r\000c\000h\000i\000t\000e\000c\000t\000u\000r\000e\000\040\000d\000e\000\040\000d\000e\000u\000x\000\040\000c\000a\000r\000t\000e\000s}{chapter.5}% 64
\BOOKMARK [2][-]{subsection.0.2.1}{\376\377\000E\000n\000t\000r\000\351\000e\000s\000\040\000d\000i\000s\000p\000o\000s\000\351\000e\000s\000\040\000s\000u\000r\000\040\000u\000n\000\040\000c\000e\000r\000c\000l\000e\000\040\000:\000\040\000f\000o\000r\000m\000u\000l\000a\000t\000i\000o\000n\000\040\000d\000'\000h\000y\000p\000o\000t\000h\000\350\000s\000e\000s}{section.0.2}% 65
\BOOKMARK [2][-]{subsection.0.2.2}{\376\377\000V\000\351\000r\000i\000f\000i\000c\000a\000t\000i\000o\000n\000\040\000d\000e\000s\000\040\000h\000y\000p\000o\000t\000h\000\350\000s\000e\000s\000\040\000s\000u\000r\000\040\000d\000i\000f\000f\000\351\000r\000e\000n\000t\000e\000s\000\040\000d\000i\000s\000t\000r\000i\000b\000u\000t\000i\000o\000n\000s\000\040\000d\000'\000e\000n\000t\000r\000\351\000e\000s}{section.0.2}% 66
\BOOKMARK [2][-]{subsection.0.2.3}{\376\377\000F\000o\000r\000m\000a\000t\000i\000o\000n\000\040\000d\000e\000\040\000z\000o\000n\000e\000s\000\040\000d\000e\000\040\000p\000o\000i\000d\000s\000\040\000c\000o\000n\000t\000e\000x\000t\000u\000e\000l\000s}{section.0.2}% 67
\BOOKMARK [1][-]{section.0.3}{\376\377\000P\000r\000\351\000d\000i\000c\000t\000i\000o\000n\000\040\000d\000'\000e\000n\000t\000r\000\351\000e\000\040\000d\000a\000n\000s\000\040\000d\000e\000s\000\040\000a\000r\000c\000h\000i\000t\000e\000c\000t\000u\000r\000e\000s\000\040\000d\000e\000\040\000t\000r\000o\000i\000s\000\040\000c\000a\000r\000t\000e\000s\000\040\0001\000D}{chapter.5}% 68
\BOOKMARK [2][-]{subsection.0.3.1}{\376\377\000A\000r\000c\000h\000i\000t\000e\000c\000t\000u\000r\000e\000\040\000d\000e\000\040\000t\000r\000o\000i\000s\000\040\000c\000a\000r\000t\000e\000s\000\040\000e\000t\000\040\000m\000o\000d\000\350\000l\000e\000\040\000d\000'\000e\000n\000t\000r\000\351\000e\000s}{section.0.3}% 69
\BOOKMARK [2][-]{subsection.0.3.2}{\376\377\000R\000\351\000s\000u\000l\000t\000a\000t\000s}{section.0.3}% 70
\BOOKMARK [1][-]{section.0.4}{\376\377\000I\000n\000f\000l\000u\000e\000n\000c\000e\000\040\000d\000e\000s\000\040\000c\000o\000n\000n\000e\000x\000i\000o\000n\000s\000\040\000e\000t\000\040\000d\000e\000s\000\040\000p\000a\000r\000a\000m\000\350\000t\000r\000e\000s}{chapter.5}% 71
\BOOKMARK [1][-]{section.0.5}{\376\377\000P\000r\000\351\000d\000i\000c\000t\000i\000o\000n\000\040\000d\000'\000e\000n\000t\000r\000\351\000e\000\040\000r\000\351\000e\000l\000l\000e\000s\000\040\000:\000\040\000a\000p\000p\000l\000i\000c\000a\000t\000i\000o\000n\000\040\000a\000u\000\040\000c\000o\000n\000t\000r\000\364\000l\000e\000\040\000d\000'\000u\000n\000\040\000d\000r\000o\000n\000e}{chapter.5}% 72
\BOOKMARK [2][-]{subsection.0.5.1}{\376\377\000M\000\351\000t\000h\000o\000d\000e\000\040\000e\000x\000p\000\351\000r\000i\000m\000e\000n\000t\000a\000l\000e}{section.0.5}% 73
\BOOKMARK [2][-]{subsection.0.5.2}{\376\377\000R\000\351\000s\000u\000l\000t\000a\000t\000s}{section.0.5}% 74
\BOOKMARK [1][-]{section.0.6}{\376\377\000C\000o\000n\000c\000l\000u\000s\000i\000o\000n}{chapter.5}% 75
\BOOKMARK [0][-]{chapter.6}{\376\377\000I\000n\000d\000i\000c\000a\000t\000e\000u\000r\000s\000\040\000s\000t\000a\000t\000i\000s\000t\000i\000q\000u\000e\000s\000\040\000d\000e\000\040\000l\000'\000a\000p\000p\000r\000e\000n\000t\000i\000s\000s\000a\000g\000e\000\040\000d\000e\000s\000\040\000d\000o\000n\000n\000\351\000e\000s\000\040\000m\000u\000l\000t\000i\000m\000o\000d\000a\000l\000e\000s}{}% 76
\BOOKMARK [1][-]{subsection.0.0.1}{\376\377\000I\000n\000d\000i\000c\000a\000t\000e\000u\000r\000s\000\040\000e\000n\000v\000i\000s\000a\000g\000\351\000s}{chapter.6}% 77
\BOOKMARK [1][-]{section.0.1}{\376\377\000U\000t\000i\000l\000i\000s\000a\000t\000i\000o\000n\000\040\000d\000u\000\040\000r\000a\000t\000i\000o\000\040\000d\000e\000\040\000c\000o\000r\000r\000\351\000l\000a\000t\000i\000o\000n\000\040\000c\000o\000m\000m\000e\000\040\000m\000o\000d\000e\000\040\000d\000'\000\351\000v\000a\000l\000u\000a\000t\000i\000o\000n}{chapter.6}% 78
\BOOKMARK [2][-]{subsection.0.1.1}{\376\377\000D\000\351\000f\000i\000n\000i\000t\000i\000o\000n}{section.0.1}% 79
\BOOKMARK [2][-]{subsection.0.1.2}{\376\377\000\311\000v\000o\000l\000u\000t\000i\000o\000n\000\040\000d\000u\000\040\000r\000a\000t\000i\000o\000\040\000d\000e\000\040\000c\000o\000r\000r\000\351\000l\000a\000t\000i\000o\000n\000\040\000a\000u\000\040\000c\000o\000u\000r\000s\000\040\000d\000e\000\040\000l\000'\000a\000p\000p\000r\000e\000n\000t\000i\000s\000s\000a\000g\000e\000\040\000d\000e\000s\000\040\000c\000a\000r\000t\000e\000s\000\040\000C\000x\000S\000O\000M}{section.0.1}% 80
\BOOKMARK [2][-]{subsection.0.1.3}{\376\377\000D\000i\000s\000c\000u\000s\000s\000i\000o\000n}{section.0.1}% 81
\BOOKMARK [1][-]{section.0.2}{\376\377\000U\000t\000i\000l\000i\000s\000a\000t\000i\000o\000n\000\040\000d\000u\000\040\000c\000o\000e\000f\000f\000i\000c\000i\000e\000n\000t\000\040\000d\000'\000i\000n\000c\000e\000r\000t\000i\000t\000u\000d\000e\000\040\000c\000o\000m\000m\000e\000\040\000i\000n\000d\000i\000c\000a\000t\000e\000u\000r\000\040\000d\000e\000\040\000l\000a\000\040\000r\000e\000l\000a\000t\000i\000o\000n\000\040\000e\000n\000t\000r\000e\000\040\000U\000\040\000e\000t\000\040}{chapter.6}% 82
\BOOKMARK [2][-]{subsection.0.2.1}{\376\377\000R\000a\000p\000p\000e\000l\000\040\000d\000e\000s\000\040\000\351\000l\000\351\000m\000e\000n\000t\000s\000\040\000d\000e\000\040\000t\000h\000\351\000o\000r\000i\000e\000\040\000d\000e\000\040\000l\000'\000i\000n\000f\000o\000r\000m\000a\000t\000i\000o\000n}{section.0.2}% 83
\BOOKMARK [2][-]{subsection.0.2.2}{\376\377\000D\000\351\000f\000i\000n\000i\000t\000i\000o\000n\000\040\000d\000e\000\040\000l\000'\000i\000n\000d\000i\000c\000a\000t\000e\000u\000r}{section.0.2}% 84
\BOOKMARK [2][-]{subsection.0.2.3}{\376\377\000E\000s\000t\000i\000m\000a\000t\000i\000o\000n\000\040\000d\000e\000\040\000l\000'\000i\000n\000d\000i\000c\000a\000t\000e\000u\000r}{section.0.2}% 85
\BOOKMARK [2][-]{subsection.0.2.4}{\376\377\000A\000p\000p\000l\000i\000c\000a\000t\000i\000o\000n\000\040\000d\000e\000\040\000l\000'\000i\000n\000d\000i\000c\000a\000t\000e\000u\000r\000\040\000I\000x\000\040\000a\000u\000\040\000c\000a\000s\000\040\000d\000'\000e\000x\000e\000m\000p\000l\000e\000\040\000m\000u\000l\000t\000i\000m\000o\000d\000a\000l\000\040\000s\000i\000m\000p\000l\000e}{section.0.2}% 86
\BOOKMARK [2][-]{subsection.0.2.5}{\376\377\000\311\000v\000o\000l\000u\000t\000i\000o\000n\000\040\000d\000u\000\040\000c\000o\000e\000f\000f\000i\000c\000i\000e\000n\000t\000\040\000d\000'\000i\000n\000c\000e\000r\000t\000i\000t\000u\000d\000e\000\040\000t\000h\000\351\000o\000r\000i\000q\000u\000e\000\040\000a\000u\000\040\000c\000o\000u\000r\000s\000\040\000d\000e\000\040\000l\000'\000a\000p\000p\000r\000e\000n\000t\000i\000s\000s\000a\000g\000e}{section.0.2}% 87
\BOOKMARK [1][-]{section.0.3}{\376\377\000Q\000u\000e\000\040\000n\000o\000u\000s\000\040\000a\000p\000p\000r\000e\000n\000d\000\040\000l\000'\000i\000n\000f\000o\000r\000m\000a\000t\000i\000o\000n\000\040\000m\000u\000t\000u\000e\000l\000l\000e\000\040\000s\000u\000r\000\040\000l\000e\000s\000\040\000d\000o\000n\000n\000\351\000e\000s\000\040\000a\000p\000p\000r\000i\000s\000e\000s\000\040\000p\000a\000r\000\040\000u\000n\000e\000\040\000c\000a\000r\000t\000e\000\040\000d\000e\000\040\000l\000'\000a\000r\000c\000h\000i\000t\000e\000c\000t\000u\000r\000e\000\040\000?}{chapter.6}% 88
\BOOKMARK [1][-]{section.0.4}{\376\377\000C\000o\000n\000c\000l\000u\000s\000i\000o\000n}{chapter.6}% 89
\BOOKMARK [0][-]{chapter.7}{\376\377\000E\000x\000t\000e\000n\000s\000i\000o\000n\000\040\000a\000u\000x\000\040\000c\000a\000r\000t\000e\000s\000\040\000e\000n\000\040\000d\000e\000u\000x\000\040\000d\000i\000m\000e\000n\000s\000i\000o\000n\000s}{}% 90
\BOOKMARK [1][-]{section.0.1}{\376\377\000M\000o\000d\000\350\000l\000e\000\040\000d\000'\000e\000n\000t\000r\000\351\000e\000\040\000u\000t\000i\000l\000i\000s\000\351}{chapter.7}% 91
\BOOKMARK [1][-]{section.0.2}{\376\377\000O\000r\000g\000a\000n\000i\000s\000a\000t\000i\000o\000n\000\040\000d\000e\000s\000\040\000p\000o\000i\000d\000s}{chapter.7}% 92
\BOOKMARK [2][-]{subsection.0.2.1}{\376\377\000A\000d\000a\000p\000t\000a\000t\000i\000o\000n\000\040\000d\000e\000\040\000l\000'\000a\000l\000g\000o\000r\000i\000t\000h\000m\000e\000\040\000p\000o\000u\000r\000\040\000l\000e\000s\000\040\000p\000o\000i\000d\000s\000\040\000e\000x\000t\000e\000r\000n\000e\000s}{section.0.2}% 93
\BOOKMARK [2][-]{subsection.0.2.2}{\376\377\000O\000r\000g\000a\000n\000i\000s\000a\000t\000i\000o\000n\000\040\000d\000e\000\040\000c\000a\000r\000t\000e\000s\000\040\000s\000u\000r\000\040\000d\000e\000s\000\040\000e\000n\000t\000r\000\351\000e\000s\000\040\000i\000n\000d\000\351\000p\000e\000n\000d\000a\000n\000t\000e\000s}{section.0.2}% 94
\BOOKMARK [2][-]{subsection.0.2.3}{\376\377\000O\000r\000g\000a\000n\000i\000s\000a\000t\000i\000o\000n\000\040\000d\000e\000s\000\040\000c\000a\000r\000t\000e\000s\000\040\000s\000u\000r\000\040\000d\000e\000s\000\040\000e\000n\000t\000r\000\351\000e\000s\000\040\000d\000\351\000p\000e\000n\000d\000a\000n\000t\000e\000s}{section.0.2}% 95
\BOOKMARK [2][-]{subsection.0.2.4}{\376\377\000C\000o\000n\000v\000e\000r\000g\000e\000n\000c\000e\000\040\000d\000e\000\040\000l\000a\000\040\000r\000e\000l\000a\000x\000a\000t\000i\000o\000n}{section.0.2}% 96
\BOOKMARK [1][-]{section.0.3}{\376\377\000P\000r\000\351\000d\000i\000c\000t\000i\000o\000n\000\040\000d\000'\000e\000n\000t\000r\000\351\000e}{chapter.7}% 97
\BOOKMARK [1][-]{section.0.4}{\376\377\000C\000o\000n\000c\000l\000u\000s\000i\000o\000n}{chapter.7}% 98
\BOOKMARK [0][-]{section*.2}{\376\377\000B\000i\000b\000l\000i\000o\000g\000r\000a\000p\000h\000i\000e}{}% 99
